0.522234
0.446012
0.368541
0.371822
0.33828
0.537943
0.54533
0.523813
0.508641
0.671449
0.671876
0.471157
0.581074
0.948902
0.956076
0.978024
0.977595
0.959764
0.791183
0.270874
0.105534
-0.145522
-0.157376
-0.15551
0.547959
0.960165
0.977333
0.972513
0.964436
0.978377
0.977172
0.977207
0.975356
0.962509
0.963416
0.969477
0.974267
0.974148
0.970308
0.968522
0.957787
0.954242
0.962992
0.967215
0.960371
0.973359
0.972048
0.904122
0.32387
0.200603
0.123829
0.386048
0.852061
0.945449
0.950777
0.906589
0.790281
0.868484
0.977872
0.978072
0.980835
0.984393
0.9709
0.625772
0.447782
0.396304
0.318893
0.285736
0.232204
0.193209
0.16017
0.108828
0.222751
0.294865
0.778321
0.975457
0.979633
0.981323
0.983203
0.985414
0.990145
0.992749
0.993468
0.994224
0.995013
0.994635
0.989085
0.885621
0.877246
0.952683
0.948741
0.87868
0.963305
0.941957
0.957321
0.947973
0.907812
0.895111
0.91776
0.849349
0.930325
0.922387
0.918743
0.886103
0.940046
0.949136
0.922726
0.954631
0.964092
0.966814
0.965655
0.954737
0.960476
0.96109
0.966696
0.972144
0.979108
0.983117
0.976212
0.98562
0.980012
0.460452
0.568175
0.785807
0.327024
0.353497
0.196072
0.331247
0.429902
0.461938
0.574882
0.277018
