0.250462
0.174576
0.220552
0.114903
0.163144
0.243421
0.32576
0.154828
0.18028
0.279977
0.205377
0.167196
0.317414
0.266899
0.378408
0.599076
0.666139
0.659689
0.493235
0.277214
0.23604
0.176357
0.211717
0.141984
0.24161
0.655554
0.723996
0.644528
0.684923
0.712445
0.718434
0.72817
0.738935
0.707699
0.73401
0.738537
0.754278
0.75379
0.73576
0.740469
0.728636
0.706618
0.727035
0.754252
0.766271
0.787867
0.730404
0.526443
0.124531
0.205828
0.154498
0.288735
0.245186
0.249716
0.376603
0.186507
0.243914
0.129291
0.31391
0.48958
0.530074
0.50351
0.332954
0.190194
0.221893
0.249476
0.300706
0.258692
0.265973
0.201055
0.261154
0.213642
0.279918
0.192164
0.197349
0.410509
0.433427
0.376402
0.463036
0.382928
0.43956
0.484336
0.44597
0.432454
0.471956
0.431409
0.437824
0.342033
0.338661
0.423215
0.438264
0.327285
0.400756
0.440681
0.359522
0.384789
0.379265
0.377108
0.297383
0.286527
0.300452
0.254483
0.197025
0.318167
0.369368
0.401547
0.421485
0.442931
0.430184
0.45589
0.493485
0.406816
0.510845
0.466592
0.539136
0.547438
0.535047
0.296482
0.352768
0.107078
0.262627
0.144038
0.299339
0.268454
0.132511
0.151578
0.222095
0.216977
0.321214
0.264507
0.393512
0.19916
